<?xml version="1.0" encoding="UTF-8"?>
<!-- Generated by org.testng.reporters.JUnitReportReporter -->
<testsuite hostname="KHLC01203" failures="0" tests="1" name="scenario.ScenarioTest" time="1.393" errors="0" timestamp="2025-07-29T14:39:31 JST" skipped="0">
  <testcase classname="scenario.ScenarioTest" name="scenarioTest001" time="1.393"/>
</testsuite> <!-- scenario.ScenarioTest -->
