<?xml version="1.0" encoding="UTF-8"?>
<!-- Generated by org.testng.reporters.JUnitReportReporter -->
<testsuite hostname="KHLC01201" failures="0" tests="1" name="scenario.InoueScenarioTest" time="15.572" errors="0" timestamp="2025-07-30T13:34:26 JST" skipped="0">
  <testcase classname="scenario.InoueScenarioTest" name="scenarioTest001" time="15.572"/>
</testsuite> <!-- scenario.InoueScenarioTest -->
