<?xml version="1.0" encoding="UTF-8"?>
<!-- Generated by org.testng.reporters.JUnitReportReporter -->
<testsuite hostname="KHLC01206" failures="0" tests="1" name="scenario.HirayamaScenarioTest" time="12.573" errors="0" timestamp="2025-07-30T16:26:07 JST" skipped="0">
  <testcase classname="scenario.HirayamaScenarioTest" name="scenarioTest001" time="12.573"/>
</testsuite> <!-- scenario.HirayamaScenarioTest -->
