<?xml version="1.0" encoding="UTF-8"?>
<!-- Generated by org.testng.reporters.JUnitReportReporter -->
<testsuite hostname="KHLC01200" failures="0" tests="1" name="scenario.ArigaTest" time="8.931" errors="0" timestamp="2025-07-29T17:27:23 JST" skipped="0">
  <testcase classname="scenario.ArigaTest" name="scenarioTest001" time="8.931"/>
</testsuite> <!-- scenario.ArigaTest -->
