<?xml version="1.0" encoding="UTF-8"?>
<!-- Generated by org.testng.reporters.JUnitReportReporter -->
<testsuite hostname="KHLC01203" failures="0" tests="1" name="scenario.ScenarioTest" time="7.354" errors="0" timestamp="2025-07-30T14:35:18 JST" skipped="0">
  <testcase classname="scenario.ScenarioTest" name="scenarioTest001" time="7.354"/>
</testsuite> <!-- scenario.ScenarioTest -->
