<?xml version="1.0" encoding="UTF-8"?>
<!-- Generated by org.testng.reporters.JUnitReportReporter -->
<testsuite hostname="KHLC01204" failures="0" tests="1" name="scenario.TsujimuraScenarioTest" time="9.735" errors="0" timestamp="2025-07-30T14:40:22 JST" skipped="0">
  <testcase classname="scenario.TsujimuraScenarioTest" name="scenarioTest001" time="9.735"/>
</testsuite> <!-- scenario.TsujimuraScenarioTest -->
