<?xml version="1.0" encoding="UTF-8"?>
<!-- Generated by org.testng.reporters.JUnitReportReporter -->
<testsuite hostname="KHLC01201" failures="0" tests="1" name="scenario.InoueScenarioTest" time="14.802" errors="0" timestamp="2025-07-30T09:31:27 JST" skipped="0">
  <testcase classname="scenario.InoueScenarioTest" name="scenarioTest001" time="14.802"/>
</testsuite> <!-- scenario.InoueScenarioTest -->
