<?xml version="1.0" encoding="UTF-8"?>
<!-- Generated by org.testng.reporters.JUnitReportReporter -->
<testsuite hostname="KHLC01202" failures="0" tests="1" name="scenario.SampleTest" time="12.264" errors="0" timestamp="2025-07-30T15:13:21 JST" skipped="0">
  <testcase classname="scenario.SampleTest" name="sampleTest001" time="12.264"/>
</testsuite> <!-- scenario.SampleTest -->
