<?xml version="1.0" encoding="UTF-8"?>
<!-- Generated by org.testng.reporters.JUnitReportReporter -->
<testsuite hostname="KHLC01200" failures="0" tests="1" name="scenario.ArigaTest" time="7.917" errors="0" timestamp="2025-07-29T14:49:47 JST" skipped="0">
  <testcase classname="scenario.ArigaTest" name="scenarioTest001" time="7.917"/>
</testsuite> <!-- scenario.ArigaTest -->
