<?xml version="1.0" encoding="UTF-8"?>
<!-- Generated by org.testng.reporters.JUnitReportReporter -->
<testsuite hostname="KHLC01207" failures="0" tests="1" name="scenario.FujiwaraScenarioTest" time="65.297" errors="0" timestamp="2025-07-30T09:33:30 JST" skipped="0">
  <testcase classname="scenario.FujiwaraScenarioTest" name="scenarioTest001" time="65.297"/>
</testsuite> <!-- scenario.FujiwaraScenarioTest -->
