<?xml version="1.0" encoding="UTF-8"?>
<!-- Generated by org.testng.reporters.JUnitReportReporter -->
<testsuite hostname="KHLC01204" failures="0" tests="1" name="scenario.TsujimuraScenarioTest" time="12.089" errors="0" timestamp="2025-07-30T13:24:31 JST" skipped="0">
  <testcase classname="scenario.TsujimuraScenarioTest" name="scenarioTest001" time="12.089"/>
</testsuite> <!-- scenario.TsujimuraScenarioTest -->
