<?xml version="1.0" encoding="UTF-8"?>
<!-- Generated by org.testng.reporters.JUnitReportReporter -->
<testsuite hostname="KHLC01206" failures="0" tests="1" name="scenario.ScenarioTest" time="3.090" errors="0" timestamp="2025-07-29T13:46:13 JST" skipped="0">
  <testcase classname="scenario.ScenarioTest" name="scenarioTest001" time="3.090"/>
</testsuite> <!-- scenario.ScenarioTest -->
